<wxlog>
  <threadId>#main</threadId>
  <timestamp>16:47:58:6494</timestamp>
  <msgtype>MsgWXLogLaunch</msgtype>
  <content>[The WXLogger is launched!]</content>
  <stackFrames>
[CALL STACK][0]: Method:WXTextureTools.Application.Options.OptionsConfig..ctor; File:.0
[CALL STACK][1]: Method:WXTextureTools.Application.App..ctor; File:.0
[CALL STACK][2]: Method:WXTextureTools.Program.Main; File:.0
</stackFrames>
</wxlog>
<wxlog>
  <threadId>#main</threadId>
  <timestamp>16:47:58:6574</timestamp>
  <msgtype>MsgMixture</msgtype>
  <content>string|String[]
OptionsConfig,-option=mirrorImage
-dataDir=D:/WorkSpace/NewCoinPile/TextToolDatas
-inPath=D:/WorkSpace/NewCoinPile/TextToolDatas\firstBundleTextures\png\64\LDR_LLL1_0.1e9160f6.png
-outPath=D:/WorkSpace/NewCoinPile/TextToolDatas\mirrorImageTemp\temp5931.png
-execRoot=D:/WorkSpace/NewCoinPile/Assets\WX-WASM-SDK-V2\Editor\TextureEditor\Node
</content>
  <stackFrames>
[CALL STACK][0]: Method:WXTextureTools.Application.App..ctor; File:.0
[CALL STACK][1]: Method:WXTextureTools.Program.Main; File:.0
</stackFrames>
</wxlog>
<wxlog>
  <threadId>#main</threadId>
  <timestamp>16:47:58:6584</timestamp>
  <msgtype>MsgMixture</msgtype>
  <content>string|string
UnityBridgeHandler - SetDataDir,D:/WorkSpace/NewCoinPile/TextToolDatas\temp</content>
  <stackFrames>
[CALL STACK][0]: Method:WXTextureTools.Program.Main; File:.0
</stackFrames>
</wxlog>
<wxlog>
  <threadId>#main</threadId>
  <timestamp>16:47:58:6610</timestamp>
  <msgtype>MsgString</msgtype>
  <content>WXMirrorImageExec</content>
  <stackFrames>
[CALL STACK][0]: Method:WXTextureTools.Application.App..ctor; File:.0
[CALL STACK][1]: Method:WXTextureTools.Program.Main; File:.0
</stackFrames>
</wxlog>
