<wxlog>
  <threadId>#main</threadId>
  <timestamp>16:44:03:7443</timestamp>
  <msgtype>MsgWXLogLaunch</msgtype>
  <content>[The WXLogger is launched!]</content>
  <stackFrames>
[CALL STACK][0]: Method:WXTextureTools.Application.Options.OptionsConfig..ctor; File:.0
[CALL STACK][1]: Method:WXTextureTools.Application.App..ctor; File:.0
[CALL STACK][2]: Method:WXTextureTools.Program.Main; File:.0
</stackFrames>
</wxlog>
<wxlog>
  <threadId>#main</threadId>
  <timestamp>16:44:03:7543</timestamp>
  <msgtype>MsgMixture</msgtype>
  <content>string|String[]
OptionsConfig,-option=fbDecompress
-classDataPath=D:/WorkSpace/NewCoinPile/Assets\WX-WASM-SDK-V2\Editor/TextureEditor/classdata.tpk
-dataDir=D:/WorkSpace/NewCoinPile/TextToolDatas
-sourcePath=D:/WorkSpace/NewCoinPile/TextToolDatas\slim\backup.txt
</content>
  <stackFrames>
[CALL STACK][0]: Method:WXTextureTools.Application.App..ctor; File:.0
[CALL STACK][1]: Method:WXTextureTools.Program.Main; File:.0
</stackFrames>
</wxlog>
<wxlog>
  <threadId>#main</threadId>
  <timestamp>16:44:03:7563</timestamp>
  <msgtype>MsgMixture</msgtype>
  <content>string|string
UnityBridgeHandler - SetDataDir,D:/WorkSpace/NewCoinPile/TextToolDatas\temp</content>
  <stackFrames>
[CALL STACK][0]: Method:WXTextureTools.Program.Main; File:.0
</stackFrames>
</wxlog>
<wxlog>
  <threadId>#main</threadId>
  <timestamp>16:44:03:7723</timestamp>
  <msgtype>MsgMixture</msgtype>
  <content>string|string
BundlePicRecord initFile,D:/WorkSpace/NewCoinPile/TextToolDatas\FIRSTBUNDLETEXTURES.json</content>
  <stackFrames>
[CALL STACK][0]: Method:WXTextureTools.Application.AppCmdExec.WXFirstBundleDecompressExec.todo; File:.0
[CALL STACK][1]: Method:WXTextureTools.Application.App.process; File:.0
[CALL STACK][2]: Method:WXTextureTools.Application.App..ctor; File:.0
</stackFrames>
</wxlog>
<wxlog>
  <threadId>#main</threadId>
  <timestamp>16:44:03:7723</timestamp>
  <msgtype>MsgMixture</msgtype>
  <content>string|string
BundlePicRecord readAllRecord,{"timestamp":0,"files":[{"path":"D:/WorkSpace/NewCoinPile/TextToolDatas\\slim\\backup.txt","dstPath":null,"md5":"a0ff493180aa3e97","textures":[{"width":128,"height":128,"name":"Soft.c1d63e75","astc":null,"limittype":null},{"width":128,"height":58,"name":"UnityWatermark-small.d7411008","astc":null,"limittype":"1"},{"width":74,"height":71,"name":"EscToExit_back.21b1540e","astc":null,"limittype":"1"},{"width":267,"height":20,"name":"EscToExit_Text.2e1ee8b4","astc":null,"limittype":"1"},{"width":512,"height":94,"name":"UnityWatermark-trial-big.66f46ac8","astc":null,"limittype":"1"},{"width":76,"height":14,"name":"UnityWatermark-trial.60b4e34e","astc":null,"limittype":"1"},{"width":127,"height":17,"name":"UnityWatermark-beta.dd37c61b","astc":null,"limittype":"1"},{"width":148,"height":17,"name":"UnityWatermark-edu.a8c472ae","astc":null,"limittype":"1"},{"width":115,"height":17,"name":"UnityWatermark-dev.ae1fc174","astc":null,"limittype":"1"},{"width":64,"height":64,"name":"WarningSign.59b8d955","astc":null,"limittype":null},{"width":87,"height":13,"name":"UnityWatermark-proto.5084375a","astc":null,"limittype":"1"},{"width":66,"height":17,"name":"UnityWatermarkPlugin-beta.52403834","astc":null,"limittype":"1"},{"width":12,"height":12,"name":"box.643f5df8","astc":null,"limittype":null},{"width":12,"height":12,"name":"button%20active.c15aedb7","astc":null,"limittype":null},{"width":12,"height":12,"name":"button%20hover.42efb15e","astc":null,"limittype":null},{"width":12,"height":12,"name":"button%20on%20hover.2c40c4b8","astc":null,"limittype":null},{"width":12,"height":12,"name":"button%20on.7ff0e5a1","astc":null,"limittype":null},{"width":12,"height":12,"name":"button.bdec6b82","astc":null,"limittype":null},{"width":12,"height":12,"name":"horizontal%20scrollbar%20thumb.4137b46d","astc":null,"limittype":null},{"width":18,"height":15,"name":"horizontal%20scrollbar.0ac38291","astc":null,"limittype":"1"},{"width":8,"height":7,"name":"horizontalslider.722f02b2","astc":null,"limittype":"1"},{"width":8,"height":12,"name":"slider%20thumb%20active.168a62a9","astc":null,"limittype":null},{"width":8,"height":12,"name":"slider%20thumb.a7acef71","astc":null,"limittype":null},{"width":8,"height":12,"name":"slidert%20humb%20hover.0c248117","astc":null,"limittype":null},{"width":14,"height":14,"name":"toggle%20active.e32a2ca9","astc":null,"limittype":"1"},{"width":14,"height":14,"name":"toggle%20hover.614620f6","astc":null,"limittype":"1"},{"width":14,"height":14,"name":"toggle%20on%20hover.528d6b34","astc":null,"limittype":"1"},{"width":14,"height":14,"name":"toggle%20on.1f99750a","astc":null,"limittype":"1"},{"width":14,"height":14,"name":"toggle%20on%20active.9d52caeb","astc":null,"limittype":"1"},{"width":14,"height":14,"name":"toggle.6eafbcb0","astc":null,"limittype":"1"},{"width":12,"height":12,"name":"vertical%20scrollbar%20thumb.7ba97313","astc":null,"limittype":null},{"width":15,"height":18,"name":"vertical%20scrollbar.d38290f1","astc":null,"limittype":"1"},{"width":7,"height":8,"name":"verticalslider.58266f5f","astc":null,"limittype":"1"},{"width":17,"height":27,"name":"window%20on.38a76040","astc":null,"limittype":"1"},{"width":17,"height":27,"name":"window.a62d1258","astc":null,"limittype":"1"},{"width":12,"height":12,"name":"textfield.a75d69ec","astc":null,"limittype":null},{"width":12,"height":12,"name":"textfield%20on.f2c2fb5c","astc":null,"limittype":null},{"width":12,"height":12,"name":"textfield%20hover.8c7ae9d8","astc":null,"limittype":null},{"width":32,"height":32,"name":"UnitySplash-HolographicTrackingLoss.cbf38e69","astc":null,"limittype":null},{"width":2048,"height":1024,"name":"UnitySplash-Light(Clone).05ef6840","astc":null,"limittype":null},{"width":64,"height":64,"name":"LDR_LLL1_0.1e9160f6","astc":null,"limittype":null},{"width":4,"height":4,"name":"BayerMatrix.407551c1","astc":null,"limittype":null},{"width":32,"height":32,"name":"UISprite.b48f75d0","astc":null,"limittype":null},{"width":32,"height":32,"name":"Background.665e03a7","astc":null,"limittype":null},{"width":64,"height":64,"name":"Knob.dadd3d45","astc":null,"limittype":null},{"width":64,"height":512,"name":"CoinOrangeTexture.f7df3d17","astc":null,"limittype":null},{"width":149,"height":173,"name":"shadow.40ea8b65","astc":null,"limittype":"1"},{"width":64,"height":512,"name":"CoinBrownTexture.cae7cdd6","astc":null,"limittype":null},{"width":230,"height":223,"name":"coin1.58969efa","astc":null,"limittype":"1"},{"width":64,"height":512,"name":"CoinBlueDarkTexture.a43b40bc","astc":null,"limittype":null},{"width":1024,"height":2048,"name":"Rope_1_Nor.37d21a07","astc":null,"limittype":null},{"width":512,"height":512,"name":"Coin_Tube.3536aa12","astc":null,"limittype":null},{"width":318,"height":204,"name":"BIAO.1f230964","astc":null,"limittype":"1"},{"width":128,"height":128,"name":"ColorPaletteV10.f2780ada","astc":null,"limittype":null},{"width":1024,"height":2048,"name":"Rope_1_Rog.a22aae13","astc":null,"limittype":null},{"width":173,"height":247,"name":"MU.858e590b","astc":null,"limittype":"1"},{"width":955,"height":95,"name":"img_loadingprograss_bg.5e63680f","astc":null,"limittype":"1"},{"width":64,"height":512,"name":"CoinPinkTexture.57e554e5","astc":null,"limittype":null},{"width":64,"height":512,"name":"CoinTealTexture.224c45d5","astc":null,"limittype":null},{"width":64,"height":512,"name":"CoinYellowTexture.c671df96","astc":null,"limittype":null},{"width":64,"height":512,"name":"CoinBlueTexture.8372f79e","astc":null,"limittype":null},{"width":1024,"height":2048,"name":"Rope_1_AO.a98244ea","astc":null,"limittype":null},{"width":500,"height":58,"name":"img_loadingprograss.aa720374","astc":null,"limittype":"1"},{"width":64,"height":512,"name":"CoinGreenTexture.41a4cc2b","astc":null,"limittype":null},{"width":176,"height":172,"name":"coin2.ce8b9a0a","astc":null,"limittype":null},{"width":64,"height":512,"name":"CoinGreyTexture.2f6b46e4","astc":null,"limittype":null},{"width":356,"height":375,"name":"yun1.4ca42c58","astc":null,"limittype":"1"},{"width":64,"height":512,"name":"CoinRedTexture.87d587e4","astc":null,"limittype":null},{"width":150,"height":150,"name":"img_pattern_loading.71282c1e","astc":null,"limittype":"1"},{"width":310,"height":265,"name":"yun2.1eebd1ee","astc":null,"limittype":"1"},{"width":157,"height":238,"name":"GE.7d040fe6","astc":null,"limittype":"1"},{"width":1080,"height":1920,"name":"bg.6a78a6c2","astc":null,"limittype":null},{"width":256,"height":256,"name":"BGSpriteShaded.fe463dd6","astc":null,"limittype":null},{"width":357,"height":299,"name":"yun4.bca8256a","astc":null,"limittype":"1"},{"width":128,"height":128,"name":"ColorPaletteV10.f2780ada","astc":null,"limittype":null},{"width":237,"height":232,"name":"XIAO.784f283e","astc":null,"limittype":"1"},{"width":64,"height":512,"name":"CoinPurpleTexture.17d89971","astc":null,"limittype":null},{"width":511,"height":242,"name":"yun3.c7e7448b","astc":null,"limittype":"1"},{"width":115,"height":167,"name":"1.75b9fdaf","astc":null,"limittype":"1"},{"width":346,"height":286,"name":"suansong.4205e8be","astc":null,"limittype":"1"},{"width":64,"height":512,"name":"CoinGreenDarkTexture.1e292303","astc":null,"limittype":null},{"width":1024,"height":1024,"name":"Ice_Normal.cfa93cb0","astc":null,"limittype":null},{"width":1024,"height":1024,"name":"LiberationSans%20SDF%20Atlas.ac9f1c83","astc":null,"limittype":null},{"width":32,"height":32,"name":"UIMask.09363183","astc":null,"limittype":null},{"width":1,"height":1,"name":"White1px.f8d314fe","astc":null,"limittype":"1"},{"width":11,"height":11,"name":"UIFoldoutClosed.89295238","astc":null,"limittype":"1"},{"width":11,"height":11,"name":"UIFoldoutOpened.84255435","astc":null,"limittype":"1"},{"width":810,"height":1440,"name":"bg2.9fe8cd71","astc":null,"limittype":"1"},{"width":11,"height":11,"name":"UICheckMark.d924f22b","astc":null,"limittype":"1"},{"width":1920,"height":1080,"name":"Space.3af8e7b1","astc":null,"limittype":null},{"width":8,"height":8,"name":"UIElement8px.f411169b","astc":null,"limittype":null},{"width":512,"height":512,"name":"EmojiOne.9438d40e","astc":null,"limittype":null}]}]}</content>
  <stackFrames>
[CALL STACK][0]: Method:WXTextureTools.Application.App.process; File:.0
[CALL STACK][1]: Method:WXTextureTools.Application.App..ctor; File:.0
[CALL STACK][2]: Method:WXTextureTools.Program.Main; File:.0
</stackFrames>
</wxlog>
<wxlog>
  <threadId>#main</threadId>
  <timestamp>16:44:04:7402</timestamp>
  <msgtype>MsgMixture</msgtype>
  <content>string|string
BundlePicRecord save,{"timestamp":0,"files":[{"path":"D:/WorkSpace/NewCoinPile/TextToolDatas\\slim\\backup.txt","dstPath":null,"md5":"a0ff493180aa3e97","textures":[{"width":128,"height":128,"name":"Soft.c1d63e75","astc":null,"limittype":null},{"width":128,"height":58,"name":"UnityWatermark-small.d7411008","astc":null,"limittype":"1"},{"width":74,"height":71,"name":"EscToExit_back.21b1540e","astc":null,"limittype":"1"},{"width":267,"height":20,"name":"EscToExit_Text.2e1ee8b4","astc":null,"limittype":"1"},{"width":512,"height":94,"name":"UnityWatermark-trial-big.66f46ac8","astc":null,"limittype":"1"},{"width":76,"height":14,"name":"UnityWatermark-trial.60b4e34e","astc":null,"limittype":"1"},{"width":127,"height":17,"name":"UnityWatermark-beta.dd37c61b","astc":null,"limittype":"1"},{"width":148,"height":17,"name":"UnityWatermark-edu.a8c472ae","astc":null,"limittype":"1"},{"width":115,"height":17,"name":"UnityWatermark-dev.ae1fc174","astc":null,"limittype":"1"},{"width":64,"height":64,"name":"WarningSign.59b8d955","astc":null,"limittype":null},{"width":87,"height":13,"name":"UnityWatermark-proto.5084375a","astc":null,"limittype":"1"},{"width":66,"height":17,"name":"UnityWatermarkPlugin-beta.52403834","astc":null,"limittype":"1"},{"width":12,"height":12,"name":"box.643f5df8","astc":null,"limittype":null},{"width":12,"height":12,"name":"button%20active.c15aedb7","astc":null,"limittype":null},{"width":12,"height":12,"name":"button%20hover.42efb15e","astc":null,"limittype":null},{"width":12,"height":12,"name":"button%20on%20hover.2c40c4b8","astc":null,"limittype":null},{"width":12,"height":12,"name":"button%20on.7ff0e5a1","astc":null,"limittype":null},{"width":12,"height":12,"name":"button.bdec6b82","astc":null,"limittype":null},{"width":12,"height":12,"name":"horizontal%20scrollbar%20thumb.4137b46d","astc":null,"limittype":null},{"width":18,"height":15,"name":"horizontal%20scrollbar.0ac38291","astc":null,"limittype":"1"},{"width":8,"height":7,"name":"horizontalslider.722f02b2","astc":null,"limittype":"1"},{"width":8,"height":12,"name":"slider%20thumb%20active.168a62a9","astc":null,"limittype":null},{"width":8,"height":12,"name":"slider%20thumb.a7acef71","astc":null,"limittype":null},{"width":8,"height":12,"name":"slidert%20humb%20hover.0c248117","astc":null,"limittype":null},{"width":14,"height":14,"name":"toggle%20active.e32a2ca9","astc":null,"limittype":"1"},{"width":14,"height":14,"name":"toggle%20hover.614620f6","astc":null,"limittype":"1"},{"width":14,"height":14,"name":"toggle%20on%20hover.528d6b34","astc":null,"limittype":"1"},{"width":14,"height":14,"name":"toggle%20on.1f99750a","astc":null,"limittype":"1"},{"width":14,"height":14,"name":"toggle%20on%20active.9d52caeb","astc":null,"limittype":"1"},{"width":14,"height":14,"name":"toggle.6eafbcb0","astc":null,"limittype":"1"},{"width":12,"height":12,"name":"vertical%20scrollbar%20thumb.7ba97313","astc":null,"limittype":null},{"width":15,"height":18,"name":"vertical%20scrollbar.d38290f1","astc":null,"limittype":"1"},{"width":7,"height":8,"name":"verticalslider.58266f5f","astc":null,"limittype":"1"},{"width":17,"height":27,"name":"window%20on.38a76040","astc":null,"limittype":"1"},{"width":17,"height":27,"name":"window.a62d1258","astc":null,"limittype":"1"},{"width":12,"height":12,"name":"textfield.a75d69ec","astc":null,"limittype":null},{"width":12,"height":12,"name":"textfield%20on.f2c2fb5c","astc":null,"limittype":null},{"width":12,"height":12,"name":"textfield%20hover.8c7ae9d8","astc":null,"limittype":null},{"width":32,"height":32,"name":"UnitySplash-HolographicTrackingLoss.cbf38e69","astc":null,"limittype":null},{"width":2048,"height":1024,"name":"UnitySplash-Light(Clone).05ef6840","astc":null,"limittype":null},{"width":64,"height":64,"name":"LDR_LLL1_0.1e9160f6","astc":null,"limittype":null},{"width":4,"height":4,"name":"BayerMatrix.407551c1","astc":null,"limittype":null},{"width":32,"height":32,"name":"UISprite.b48f75d0","astc":null,"limittype":null},{"width":32,"height":32,"name":"Background.665e03a7","astc":null,"limittype":null},{"width":64,"height":64,"name":"Knob.dadd3d45","astc":null,"limittype":null},{"width":64,"height":512,"name":"CoinOrangeTexture.f7df3d17","astc":null,"limittype":null},{"width":149,"height":173,"name":"shadow.40ea8b65","astc":null,"limittype":"1"},{"width":64,"height":512,"name":"CoinBrownTexture.cae7cdd6","astc":null,"limittype":null},{"width":230,"height":223,"name":"coin1.58969efa","astc":null,"limittype":"1"},{"width":64,"height":512,"name":"CoinBlueDarkTexture.a43b40bc","astc":null,"limittype":null},{"width":1024,"height":2048,"name":"Rope_1_Nor.37d21a07","astc":null,"limittype":null},{"width":512,"height":512,"name":"Coin_Tube.3536aa12","astc":null,"limittype":null},{"width":318,"height":204,"name":"BIAO.1f230964","astc":null,"limittype":"1"},{"width":128,"height":128,"name":"ColorPaletteV10.f2780ada","astc":null,"limittype":null},{"width":1024,"height":2048,"name":"Rope_1_Rog.a22aae13","astc":null,"limittype":null},{"width":173,"height":247,"name":"MU.858e590b","astc":null,"limittype":"1"},{"width":955,"height":95,"name":"img_loadingprograss_bg.5e63680f","astc":null,"limittype":"1"},{"width":64,"height":512,"name":"CoinPinkTexture.57e554e5","astc":null,"limittype":null},{"width":64,"height":512,"name":"CoinTealTexture.224c45d5","astc":null,"limittype":null},{"width":64,"height":512,"name":"CoinYellowTexture.c671df96","astc":null,"limittype":null},{"width":64,"height":512,"name":"CoinBlueTexture.8372f79e","astc":null,"limittype":null},{"width":1024,"height":2048,"name":"Rope_1_AO.a98244ea","astc":null,"limittype":null},{"width":500,"height":58,"name":"img_loadingprograss.aa720374","astc":null,"limittype":"1"},{"width":64,"height":512,"name":"CoinGreenTexture.41a4cc2b","astc":null,"limittype":null},{"width":176,"height":172,"name":"coin2.ce8b9a0a","astc":null,"limittype":null},{"width":64,"height":512,"name":"CoinGreyTexture.2f6b46e4","astc":null,"limittype":null},{"width":356,"height":375,"name":"yun1.4ca42c58","astc":null,"limittype":"1"},{"width":64,"height":512,"name":"CoinRedTexture.87d587e4","astc":null,"limittype":null},{"width":150,"height":150,"name":"img_pattern_loading.71282c1e","astc":null,"limittype":"1"},{"width":310,"height":265,"name":"yun2.1eebd1ee","astc":null,"limittype":"1"},{"width":157,"height":238,"name":"GE.7d040fe6","astc":null,"limittype":"1"},{"width":1080,"height":1920,"name":"bg.6a78a6c2","astc":null,"limittype":null},{"width":256,"height":256,"name":"BGSpriteShaded.fe463dd6","astc":null,"limittype":null},{"width":357,"height":299,"name":"yun4.bca8256a","astc":null,"limittype":"1"},{"width":128,"height":128,"name":"ColorPaletteV10.f2780ada","astc":null,"limittype":null},{"width":237,"height":232,"name":"XIAO.784f283e","astc":null,"limittype":"1"},{"width":64,"height":512,"name":"CoinPurpleTexture.17d89971","astc":null,"limittype":null},{"width":511,"height":242,"name":"yun3.c7e7448b","astc":null,"limittype":"1"},{"width":115,"height":167,"name":"1.75b9fdaf","astc":null,"limittype":"1"},{"width":346,"height":286,"name":"suansong.4205e8be","astc":null,"limittype":"1"},{"width":64,"height":512,"name":"CoinGreenDarkTexture.1e292303","astc":null,"limittype":null},{"width":1024,"height":1024,"name":"Ice_Normal.cfa93cb0","astc":null,"limittype":null},{"width":1024,"height":1024,"name":"LiberationSans%20SDF%20Atlas.ac9f1c83","astc":null,"limittype":null},{"width":32,"height":32,"name":"UIMask.09363183","astc":null,"limittype":null},{"width":1,"height":1,"name":"White1px.f8d314fe","astc":null,"limittype":"1"},{"width":11,"height":11,"name":"UIFoldoutClosed.89295238","astc":null,"limittype":"1"},{"width":11,"height":11,"name":"UIFoldoutOpened.84255435","astc":null,"limittype":"1"},{"width":810,"height":1440,"name":"bg2.9fe8cd71","astc":null,"limittype":"1"},{"width":11,"height":11,"name":"UICheckMark.d924f22b","astc":null,"limittype":"1"},{"width":1920,"height":1080,"name":"Space.3af8e7b1","astc":null,"limittype":null},{"width":8,"height":8,"name":"UIElement8px.f411169b","astc":null,"limittype":null},{"width":512,"height":512,"name":"EmojiOne.9438d40e","astc":null,"limittype":null}]}]}</content>
  <stackFrames>
[CALL STACK][0]: Method:WXTextureTools.Application.App.process; File:.0
[CALL STACK][1]: Method:WXTextureTools.Application.App..ctor; File:.0
[CALL STACK][2]: Method:WXTextureTools.Program.Main; File:.0
</stackFrames>
</wxlog>
